<?xml version="1.0" encoding="UTF-8"?>
<testsuite xmlns:xsi="http://www.w3.org/2001/XMLSchema-instance" xsi:noNamespaceSchemaLocation="https://maven.apache.org/surefire/maven-surefire-plugin/xsd/surefire-test-report.xsd" name="com.saboreando.AppTest" time="0.051" tests="1" errors="0" skipped="0" failures="0">
  <properties>
    <property name="java.specification.version" value="17"/>
    <property name="sun.jnu.encoding" value="UTF-8"/>
    <property name="java.class.path" value="/home/felipe/Documentos/Projetos/Saboreando/Saboreando2/saboreando2/target/test-classes:/home/felipe/Documentos/Projetos/Saboreando/Saboreando2/saboreando2/target/classes:/home/felipe/.m2/repository/junit/junit/4.11/junit-4.11.jar:/home/felipe/.m2/repository/org/hamcrest/hamcrest-core/1.3/hamcrest-core-1.3.jar:/home/felipe/.m2/repository/org/openjfx/javafx-controls/21/javafx-controls-21.jar:/home/felipe/.m2/repository/org/openjfx/javafx-controls/21/javafx-controls-21-linux.jar:/home/felipe/.m2/repository/org/openjfx/javafx-graphics/21/javafx-graphics-21.jar:/home/felipe/.m2/repository/org/openjfx/javafx-graphics/21/javafx-graphics-21-linux.jar:/home/felipe/.m2/repository/org/openjfx/javafx-base/21/javafx-base-21.jar:/home/felipe/.m2/repository/org/openjfx/javafx-base/21/javafx-base-21-linux.jar:"/>
    <property name="java.vm.vendor" value="Oracle Corporation"/>
    <property name="sun.arch.data.model" value="64"/>
    <property name="java.vendor.url" value="https://java.oracle.com/"/>
    <property name="os.name" value="Linux"/>
    <property name="java.vm.specification.version" value="17"/>
    <property name="sun.java.launcher" value="SUN_STANDARD"/>
    <property name="user.country" value="BR"/>
    <property name="sun.boot.library.path" value="/usr/lib/jvm/jdk-17-oracle-x64/lib"/>
    <property name="sun.java.command" value="/home/felipe/Documentos/Projetos/Saboreando/Saboreando2/saboreando2/target/surefire/surefirebooter6836865426570902856.jar /home/felipe/Documentos/Projetos/Saboreando/Saboreando2/saboreando2/target/surefire 2024-08-07T23-51-50_692-jvmRun1 surefire1822762695882602446tmp surefire_017882006611474451427tmp"/>
    <property name="jdk.debug" value="release"/>
    <property name="surefire.test.class.path" value="/home/felipe/Documentos/Projetos/Saboreando/Saboreando2/saboreando2/target/test-classes:/home/felipe/Documentos/Projetos/Saboreando/Saboreando2/saboreando2/target/classes:/home/felipe/.m2/repository/junit/junit/4.11/junit-4.11.jar:/home/felipe/.m2/repository/org/hamcrest/hamcrest-core/1.3/hamcrest-core-1.3.jar:/home/felipe/.m2/repository/org/openjfx/javafx-controls/21/javafx-controls-21.jar:/home/felipe/.m2/repository/org/openjfx/javafx-controls/21/javafx-controls-21-linux.jar:/home/felipe/.m2/repository/org/openjfx/javafx-graphics/21/javafx-graphics-21.jar:/home/felipe/.m2/repository/org/openjfx/javafx-graphics/21/javafx-graphics-21-linux.jar:/home/felipe/.m2/repository/org/openjfx/javafx-base/21/javafx-base-21.jar:/home/felipe/.m2/repository/org/openjfx/javafx-base/21/javafx-base-21-linux.jar:"/>
    <property name="sun.cpu.endian" value="little"/>
    <property name="user.home" value="/home/felipe"/>
    <property name="user.language" value="pt"/>
    <property name="java.specification.vendor" value="Oracle Corporation"/>
    <property name="java.version.date" value="2024-04-16"/>
    <property name="java.home" value="/usr/lib/jvm/jdk-17-oracle-x64"/>
    <property name="file.separator" value="/"/>
    <property name="basedir" value="/home/felipe/Documentos/Projetos/Saboreando/Saboreando2/saboreando2"/>
    <property name="java.vm.compressedOopsMode" value="Zero based"/>
    <property name="line.separator" value="&#10;"/>
    <property name="java.vm.specification.vendor" value="Oracle Corporation"/>
    <property name="java.specification.name" value="Java Platform API Specification"/>
    <property name="surefire.real.class.path" value="/home/felipe/Documentos/Projetos/Saboreando/Saboreando2/saboreando2/target/surefire/surefirebooter6836865426570902856.jar"/>
    <property name="sun.management.compiler" value="HotSpot 64-Bit Tiered Compilers"/>
    <property name="java.runtime.version" value="17.0.11+7-LTS-207"/>
    <property name="user.name" value="felipe"/>
    <property name="path.separator" value=":"/>
    <property name="os.version" value="5.15.0-117-generic"/>
    <property name="java.runtime.name" value="Java(TM) SE Runtime Environment"/>
    <property name="file.encoding" value="UTF-8"/>
    <property name="java.vm.name" value="Java HotSpot(TM) 64-Bit Server VM"/>
    <property name="localRepository" value="/home/felipe/.m2/repository"/>
    <property name="java.vendor.url.bug" value="https://bugreport.java.com/bugreport/"/>
    <property name="java.io.tmpdir" value="/tmp"/>
    <property name="java.version" value="17.0.11"/>
    <property name="user.dir" value="/home/felipe/Documentos/Projetos/Saboreando/Saboreando2/saboreando2"/>
    <property name="os.arch" value="amd64"/>
    <property name="java.vm.specification.name" value="Java Virtual Machine Specification"/>
    <property name="native.encoding" value="UTF-8"/>
    <property name="java.library.path" value="/usr/java/packages/lib:/usr/lib64:/lib64:/lib:/usr/lib"/>
    <property name="java.vm.info" value="mixed mode, sharing"/>
    <property name="java.vendor" value="Oracle Corporation"/>
    <property name="java.vm.version" value="17.0.11+7-LTS-207"/>
    <property name="sun.io.unicode.encoding" value="UnicodeLittle"/>
    <property name="java.class.version" value="61.0"/>
  </properties>
  <testcase name="shouldAnswerWithTrue" classname="com.saboreando.AppTest" time="0.002"/>
</testsuite>